<?xml version="1.0" encoding="UTF-8"?>
<testsuite xmlns:xsi="http://www.w3.org/2001/XMLSchema-instance" xsi:noNamespaceSchemaLocation="https://maven.apache.org/surefire/maven-surefire-plugin/xsd/surefire-test-report.xsd" name="Blog.Blogtest.AppTest" time="0.036" tests="1" errors="0" skipped="0" failures="0">
  <properties>
    <property name="sun.desktop" value="windows"/>
    <property name="awt.toolkit" value="sun.awt.windows.WToolkit"/>
    <property name="file.encoding.pkg" value="sun.io"/>
    <property name="java.specification.version" value="1.8"/>
    <property name="sun.cpu.isalist" value="amd64"/>
    <property name="sun.jnu.encoding" value="GBK"/>
    <property name="java.class.path" value="D:\Eclipse\eclipse\work\Blogtest\target\test-classes;D:\Eclipse\eclipse\work\Blogtest\target\classes;D:\maven\apache-maven-3.6.1\jar\junit\junit\4.12\junit-4.12.jar;D:\maven\apache-maven-3.6.1\jar\org\hamcrest\hamcrest-core\1.3\hamcrest-core-1.3.jar;D:\maven\apache-maven-3.6.1\jar\org\springframework\boot\spring-boot-starter-web\2.0.0.RELEASE\spring-boot-starter-web-2.0.0.RELEASE.jar;D:\maven\apache-maven-3.6.1\jar\org\springframework\boot\spring-boot-starter\2.0.0.RELEASE\spring-boot-starter-2.0.0.RELEASE.jar;D:\maven\apache-maven-3.6.1\jar\org\springframework\boot\spring-boot-starter-logging\2.0.0.RELEASE\spring-boot-starter-logging-2.0.0.RELEASE.jar;D:\maven\apache-maven-3.6.1\jar\ch\qos\logback\logback-classic\1.2.3\logback-classic-1.2.3.jar;D:\maven\apache-maven-3.6.1\jar\ch\qos\logback\logback-core\1.2.3\logback-core-1.2.3.jar;D:\maven\apache-maven-3.6.1\jar\org\apache\logging\log4j\log4j-to-slf4j\2.10.0\log4j-to-slf4j-2.10.0.jar;D:\maven\apache-maven-3.6.1\jar\org\apache\logging\log4j\log4j-api\2.10.0\log4j-api-2.10.0.jar;D:\maven\apache-maven-3.6.1\jar\org\slf4j\jul-to-slf4j\1.7.25\jul-to-slf4j-1.7.25.jar;D:\maven\apache-maven-3.6.1\jar\javax\annotation\javax.annotation-api\1.3.2\javax.annotation-api-1.3.2.jar;D:\maven\apache-maven-3.6.1\jar\org\springframework\spring-core\5.0.4.RELEASE\spring-core-5.0.4.RELEASE.jar;D:\maven\apache-maven-3.6.1\jar\org\springframework\spring-jcl\5.0.4.RELEASE\spring-jcl-5.0.4.RELEASE.jar;D:\maven\apache-maven-3.6.1\jar\org\yaml\snakeyaml\1.19\snakeyaml-1.19.jar;D:\maven\apache-maven-3.6.1\jar\org\springframework\boot\spring-boot-starter-json\2.0.0.RELEASE\spring-boot-starter-json-2.0.0.RELEASE.jar;D:\maven\apache-maven-3.6.1\jar\com\fasterxml\jackson\core\jackson-databind\2.9.4\jackson-databind-2.9.4.jar;D:\maven\apache-maven-3.6.1\jar\com\fasterxml\jackson\core\jackson-annotations\2.9.0\jackson-annotations-2.9.0.jar;D:\maven\apache-maven-3.6.1\jar\com\fasterxml\jackson\core\jackson-core\2.9.4\jackson-core-2.9.4.jar;D:\maven\apache-maven-3.6.1\jar\com\fasterxml\jackson\datatype\jackson-datatype-jdk8\2.9.4\jackson-datatype-jdk8-2.9.4.jar;D:\maven\apache-maven-3.6.1\jar\com\fasterxml\jackson\datatype\jackson-datatype-jsr310\2.9.4\jackson-datatype-jsr310-2.9.4.jar;D:\maven\apache-maven-3.6.1\jar\com\fasterxml\jackson\module\jackson-module-parameter-names\2.9.4\jackson-module-parameter-names-2.9.4.jar;D:\maven\apache-maven-3.6.1\jar\org\hibernate\validator\hibernate-validator\6.0.7.Final\hibernate-validator-6.0.7.Final.jar;D:\maven\apache-maven-3.6.1\jar\javax\validation\validation-api\2.0.1.Final\validation-api-2.0.1.Final.jar;D:\maven\apache-maven-3.6.1\jar\org\jboss\logging\jboss-logging\3.3.2.Final\jboss-logging-3.3.2.Final.jar;D:\maven\apache-maven-3.6.1\jar\com\fasterxml\classmate\1.3.4\classmate-1.3.4.jar;D:\maven\apache-maven-3.6.1\jar\org\springframework\spring-web\5.0.4.RELEASE\spring-web-5.0.4.RELEASE.jar;D:\maven\apache-maven-3.6.1\jar\org\springframework\spring-beans\5.0.4.RELEASE\spring-beans-5.0.4.RELEASE.jar;D:\maven\apache-maven-3.6.1\jar\org\springframework\spring-webmvc\5.0.4.RELEASE\spring-webmvc-5.0.4.RELEASE.jar;D:\maven\apache-maven-3.6.1\jar\org\springframework\spring-context\5.0.4.RELEASE\spring-context-5.0.4.RELEASE.jar;D:\maven\apache-maven-3.6.1\jar\org\springframework\spring-expression\5.0.4.RELEASE\spring-expression-5.0.4.RELEASE.jar;D:\maven\apache-maven-3.6.1\jar\javax\servlet\javax.servlet-api\3.1.0\javax.servlet-api-3.1.0.jar;D:\maven\apache-maven-3.6.1\jar\org\springframework\boot\spring-boot-starter-thymeleaf\2.0.0.RELEASE\spring-boot-starter-thymeleaf-2.0.0.RELEASE.jar;D:\maven\apache-maven-3.6.1\jar\org\thymeleaf\thymeleaf-spring5\3.0.9.RELEASE\thymeleaf-spring5-3.0.9.RELEASE.jar;D:\maven\apache-maven-3.6.1\jar\org\thymeleaf\thymeleaf\3.0.9.RELEASE\thymeleaf-3.0.9.RELEASE.jar;D:\maven\apache-maven-3.6.1\jar\org\attoparser\attoparser\2.0.4.RELEASE\attoparser-2.0.4.RELEASE.jar;D:\maven\apache-maven-3.6.1\jar\org\unbescape\unbescape\1.1.5.RELEASE\unbescape-1.1.5.RELEASE.jar;D:\maven\apache-maven-3.6.1\jar\org\slf4j\slf4j-api\1.7.25\slf4j-api-1.7.25.jar;D:\maven\apache-maven-3.6.1\jar\org\thymeleaf\extras\thymeleaf-extras-java8time\3.0.1.RELEASE\thymeleaf-extras-java8time-3.0.1.RELEASE.jar;D:\maven\apache-maven-3.6.1\jar\org\springframework\boot\spring-boot-starter-security\2.0.0.RELEASE\spring-boot-starter-security-2.0.0.RELEASE.jar;D:\maven\apache-maven-3.6.1\jar\org\springframework\spring-aop\5.0.4.RELEASE\spring-aop-5.0.4.RELEASE.jar;D:\maven\apache-maven-3.6.1\jar\org\springframework\security\spring-security-config\5.0.3.RELEASE\spring-security-config-5.0.3.RELEASE.jar;D:\maven\apache-maven-3.6.1\jar\org\springframework\security\spring-security-core\5.0.3.RELEASE\spring-security-core-5.0.3.RELEASE.jar;D:\maven\apache-maven-3.6.1\jar\org\springframework\security\spring-security-web\5.0.3.RELEASE\spring-security-web-5.0.3.RELEASE.jar;D:\maven\apache-maven-3.6.1\jar\org\springframework\boot\spring-boot-starter-data-jpa\2.0.0.RELEASE\spring-boot-starter-data-jpa-2.0.0.RELEASE.jar;D:\maven\apache-maven-3.6.1\jar\org\springframework\boot\spring-boot-starter-aop\2.0.0.RELEASE\spring-boot-starter-aop-2.0.0.RELEASE.jar;D:\maven\apache-maven-3.6.1\jar\org\aspectj\aspectjweaver\1.8.13\aspectjweaver-1.8.13.jar;D:\maven\apache-maven-3.6.1\jar\org\springframework\boot\spring-boot-starter-jdbc\2.0.0.RELEASE\spring-boot-starter-jdbc-2.0.0.RELEASE.jar;D:\maven\apache-maven-3.6.1\jar\com\zaxxer\HikariCP\2.7.8\HikariCP-2.7.8.jar;D:\maven\apache-maven-3.6.1\jar\org\springframework\spring-jdbc\5.0.4.RELEASE\spring-jdbc-5.0.4.RELEASE.jar;D:\maven\apache-maven-3.6.1\jar\org\hibernate\hibernate-core\5.2.14.Final\hibernate-core-5.2.14.Final.jar;D:\maven\apache-maven-3.6.1\jar\org\hibernate\javax\persistence\hibernate-jpa-2.1-api\1.0.0.Final\hibernate-jpa-2.1-api-1.0.0.Final.jar;D:\maven\apache-maven-3.6.1\jar\org\javassist\javassist\3.22.0-GA\javassist-3.22.0-GA.jar;D:\maven\apache-maven-3.6.1\jar\antlr\antlr\2.7.7\antlr-2.7.7.jar;D:\maven\apache-maven-3.6.1\jar\org\jboss\jandex\2.0.3.Final\jandex-2.0.3.Final.jar;D:\maven\apache-maven-3.6.1\jar\dom4j\dom4j\1.6.1\dom4j-1.6.1.jar;D:\maven\apache-maven-3.6.1\jar\org\hibernate\common\hibernate-commons-annotations\5.0.1.Final\hibernate-commons-annotations-5.0.1.Final.jar;D:\maven\apache-maven-3.6.1\jar\javax\transaction\javax.transaction-api\1.2\javax.transaction-api-1.2.jar;D:\maven\apache-maven-3.6.1\jar\org\springframework\data\spring-data-jpa\2.0.5.RELEASE\spring-data-jpa-2.0.5.RELEASE.jar;D:\maven\apache-maven-3.6.1\jar\org\springframework\data\spring-data-commons\2.0.5.RELEASE\spring-data-commons-2.0.5.RELEASE.jar;D:\maven\apache-maven-3.6.1\jar\org\springframework\spring-orm\5.0.4.RELEASE\spring-orm-5.0.4.RELEASE.jar;D:\maven\apache-maven-3.6.1\jar\org\springframework\spring-tx\5.0.4.RELEASE\spring-tx-5.0.4.RELEASE.jar;D:\maven\apache-maven-3.6.1\jar\org\springframework\spring-aspects\5.0.4.RELEASE\spring-aspects-5.0.4.RELEASE.jar;D:\maven\apache-maven-3.6.1\jar\org\springframework\boot\spring-boot-devtools\2.0.0.RELEASE\spring-boot-devtools-2.0.0.RELEASE.jar;D:\maven\apache-maven-3.6.1\jar\org\springframework\boot\spring-boot\2.0.0.RELEASE\spring-boot-2.0.0.RELEASE.jar;D:\maven\apache-maven-3.6.1\jar\org\springframework\boot\spring-boot-autoconfigure\2.0.0.RELEASE\spring-boot-autoconfigure-2.0.0.RELEASE.jar;D:\maven\apache-maven-3.6.1\jar\commons-fileupload\commons-fileupload\1.3.3\commons-fileupload-1.3.3.jar;D:\maven\apache-maven-3.6.1\jar\commons-io\commons-io\2.2\commons-io-2.2.jar;D:\maven\apache-maven-3.6.1\jar\com\alibaba\fastjson\1.2.47\fastjson-1.2.47.jar;D:\maven\apache-maven-3.6.1\jar\com\googlecode\json-simple\json-simple\1.1.1\json-simple-1.1.1.jar;D:\maven\apache-maven-3.6.1\jar\mysql\mysql-connector-java\8.0.11\mysql-connector-java-8.0.11.jar;D:\maven\apache-maven-3.6.1\jar\com\google\protobuf\protobuf-java\2.6.0\protobuf-java-2.6.0.jar;"/>
    <property name="java.vm.vendor" value="Oracle Corporation"/>
    <property name="sun.arch.data.model" value="64"/>
    <property name="user.variant" value=""/>
    <property name="java.vendor.url" value="http://java.oracle.com/"/>
    <property name="user.timezone" value=""/>
    <property name="java.vm.specification.version" value="1.8"/>
    <property name="os.name" value="Windows 10"/>
    <property name="user.country" value="CN"/>
    <property name="sun.java.launcher" value="SUN_STANDARD"/>
    <property name="sun.boot.library.path" value="D:\Eclipse\eclipse\jre\bin"/>
    <property name="sun.java.command" value="C:\Users\ADMINI~1\AppData\Local\Temp\surefire5634351620494534327\surefirebooter5604935355861415601.jar C:\Users\Administrator\AppData\Local\Temp\surefire5634351620494534327 2021-01-16T22-08-49_363-jvmRun1 surefire6349923020228458875tmp surefire_08649239036856045174tmp"/>
    <property name="surefire.test.class.path" value="D:\Eclipse\eclipse\work\Blogtest\target\test-classes;D:\Eclipse\eclipse\work\Blogtest\target\classes;D:\maven\apache-maven-3.6.1\jar\junit\junit\4.12\junit-4.12.jar;D:\maven\apache-maven-3.6.1\jar\org\hamcrest\hamcrest-core\1.3\hamcrest-core-1.3.jar;D:\maven\apache-maven-3.6.1\jar\org\springframework\boot\spring-boot-starter-web\2.0.0.RELEASE\spring-boot-starter-web-2.0.0.RELEASE.jar;D:\maven\apache-maven-3.6.1\jar\org\springframework\boot\spring-boot-starter\2.0.0.RELEASE\spring-boot-starter-2.0.0.RELEASE.jar;D:\maven\apache-maven-3.6.1\jar\org\springframework\boot\spring-boot-starter-logging\2.0.0.RELEASE\spring-boot-starter-logging-2.0.0.RELEASE.jar;D:\maven\apache-maven-3.6.1\jar\ch\qos\logback\logback-classic\1.2.3\logback-classic-1.2.3.jar;D:\maven\apache-maven-3.6.1\jar\ch\qos\logback\logback-core\1.2.3\logback-core-1.2.3.jar;D:\maven\apache-maven-3.6.1\jar\org\apache\logging\log4j\log4j-to-slf4j\2.10.0\log4j-to-slf4j-2.10.0.jar;D:\maven\apache-maven-3.6.1\jar\org\apache\logging\log4j\log4j-api\2.10.0\log4j-api-2.10.0.jar;D:\maven\apache-maven-3.6.1\jar\org\slf4j\jul-to-slf4j\1.7.25\jul-to-slf4j-1.7.25.jar;D:\maven\apache-maven-3.6.1\jar\javax\annotation\javax.annotation-api\1.3.2\javax.annotation-api-1.3.2.jar;D:\maven\apache-maven-3.6.1\jar\org\springframework\spring-core\5.0.4.RELEASE\spring-core-5.0.4.RELEASE.jar;D:\maven\apache-maven-3.6.1\jar\org\springframework\spring-jcl\5.0.4.RELEASE\spring-jcl-5.0.4.RELEASE.jar;D:\maven\apache-maven-3.6.1\jar\org\yaml\snakeyaml\1.19\snakeyaml-1.19.jar;D:\maven\apache-maven-3.6.1\jar\org\springframework\boot\spring-boot-starter-json\2.0.0.RELEASE\spring-boot-starter-json-2.0.0.RELEASE.jar;D:\maven\apache-maven-3.6.1\jar\com\fasterxml\jackson\core\jackson-databind\2.9.4\jackson-databind-2.9.4.jar;D:\maven\apache-maven-3.6.1\jar\com\fasterxml\jackson\core\jackson-annotations\2.9.0\jackson-annotations-2.9.0.jar;D:\maven\apache-maven-3.6.1\jar\com\fasterxml\jackson\core\jackson-core\2.9.4\jackson-core-2.9.4.jar;D:\maven\apache-maven-3.6.1\jar\com\fasterxml\jackson\datatype\jackson-datatype-jdk8\2.9.4\jackson-datatype-jdk8-2.9.4.jar;D:\maven\apache-maven-3.6.1\jar\com\fasterxml\jackson\datatype\jackson-datatype-jsr310\2.9.4\jackson-datatype-jsr310-2.9.4.jar;D:\maven\apache-maven-3.6.1\jar\com\fasterxml\jackson\module\jackson-module-parameter-names\2.9.4\jackson-module-parameter-names-2.9.4.jar;D:\maven\apache-maven-3.6.1\jar\org\hibernate\validator\hibernate-validator\6.0.7.Final\hibernate-validator-6.0.7.Final.jar;D:\maven\apache-maven-3.6.1\jar\javax\validation\validation-api\2.0.1.Final\validation-api-2.0.1.Final.jar;D:\maven\apache-maven-3.6.1\jar\org\jboss\logging\jboss-logging\3.3.2.Final\jboss-logging-3.3.2.Final.jar;D:\maven\apache-maven-3.6.1\jar\com\fasterxml\classmate\1.3.4\classmate-1.3.4.jar;D:\maven\apache-maven-3.6.1\jar\org\springframework\spring-web\5.0.4.RELEASE\spring-web-5.0.4.RELEASE.jar;D:\maven\apache-maven-3.6.1\jar\org\springframework\spring-beans\5.0.4.RELEASE\spring-beans-5.0.4.RELEASE.jar;D:\maven\apache-maven-3.6.1\jar\org\springframework\spring-webmvc\5.0.4.RELEASE\spring-webmvc-5.0.4.RELEASE.jar;D:\maven\apache-maven-3.6.1\jar\org\springframework\spring-context\5.0.4.RELEASE\spring-context-5.0.4.RELEASE.jar;D:\maven\apache-maven-3.6.1\jar\org\springframework\spring-expression\5.0.4.RELEASE\spring-expression-5.0.4.RELEASE.jar;D:\maven\apache-maven-3.6.1\jar\javax\servlet\javax.servlet-api\3.1.0\javax.servlet-api-3.1.0.jar;D:\maven\apache-maven-3.6.1\jar\org\springframework\boot\spring-boot-starter-thymeleaf\2.0.0.RELEASE\spring-boot-starter-thymeleaf-2.0.0.RELEASE.jar;D:\maven\apache-maven-3.6.1\jar\org\thymeleaf\thymeleaf-spring5\3.0.9.RELEASE\thymeleaf-spring5-3.0.9.RELEASE.jar;D:\maven\apache-maven-3.6.1\jar\org\thymeleaf\thymeleaf\3.0.9.RELEASE\thymeleaf-3.0.9.RELEASE.jar;D:\maven\apache-maven-3.6.1\jar\org\attoparser\attoparser\2.0.4.RELEASE\attoparser-2.0.4.RELEASE.jar;D:\maven\apache-maven-3.6.1\jar\org\unbescape\unbescape\1.1.5.RELEASE\unbescape-1.1.5.RELEASE.jar;D:\maven\apache-maven-3.6.1\jar\org\slf4j\slf4j-api\1.7.25\slf4j-api-1.7.25.jar;D:\maven\apache-maven-3.6.1\jar\org\thymeleaf\extras\thymeleaf-extras-java8time\3.0.1.RELEASE\thymeleaf-extras-java8time-3.0.1.RELEASE.jar;D:\maven\apache-maven-3.6.1\jar\org\springframework\boot\spring-boot-starter-security\2.0.0.RELEASE\spring-boot-starter-security-2.0.0.RELEASE.jar;D:\maven\apache-maven-3.6.1\jar\org\springframework\spring-aop\5.0.4.RELEASE\spring-aop-5.0.4.RELEASE.jar;D:\maven\apache-maven-3.6.1\jar\org\springframework\security\spring-security-config\5.0.3.RELEASE\spring-security-config-5.0.3.RELEASE.jar;D:\maven\apache-maven-3.6.1\jar\org\springframework\security\spring-security-core\5.0.3.RELEASE\spring-security-core-5.0.3.RELEASE.jar;D:\maven\apache-maven-3.6.1\jar\org\springframework\security\spring-security-web\5.0.3.RELEASE\spring-security-web-5.0.3.RELEASE.jar;D:\maven\apache-maven-3.6.1\jar\org\springframework\boot\spring-boot-starter-data-jpa\2.0.0.RELEASE\spring-boot-starter-data-jpa-2.0.0.RELEASE.jar;D:\maven\apache-maven-3.6.1\jar\org\springframework\boot\spring-boot-starter-aop\2.0.0.RELEASE\spring-boot-starter-aop-2.0.0.RELEASE.jar;D:\maven\apache-maven-3.6.1\jar\org\aspectj\aspectjweaver\1.8.13\aspectjweaver-1.8.13.jar;D:\maven\apache-maven-3.6.1\jar\org\springframework\boot\spring-boot-starter-jdbc\2.0.0.RELEASE\spring-boot-starter-jdbc-2.0.0.RELEASE.jar;D:\maven\apache-maven-3.6.1\jar\com\zaxxer\HikariCP\2.7.8\HikariCP-2.7.8.jar;D:\maven\apache-maven-3.6.1\jar\org\springframework\spring-jdbc\5.0.4.RELEASE\spring-jdbc-5.0.4.RELEASE.jar;D:\maven\apache-maven-3.6.1\jar\org\hibernate\hibernate-core\5.2.14.Final\hibernate-core-5.2.14.Final.jar;D:\maven\apache-maven-3.6.1\jar\org\hibernate\javax\persistence\hibernate-jpa-2.1-api\1.0.0.Final\hibernate-jpa-2.1-api-1.0.0.Final.jar;D:\maven\apache-maven-3.6.1\jar\org\javassist\javassist\3.22.0-GA\javassist-3.22.0-GA.jar;D:\maven\apache-maven-3.6.1\jar\antlr\antlr\2.7.7\antlr-2.7.7.jar;D:\maven\apache-maven-3.6.1\jar\org\jboss\jandex\2.0.3.Final\jandex-2.0.3.Final.jar;D:\maven\apache-maven-3.6.1\jar\dom4j\dom4j\1.6.1\dom4j-1.6.1.jar;D:\maven\apache-maven-3.6.1\jar\org\hibernate\common\hibernate-commons-annotations\5.0.1.Final\hibernate-commons-annotations-5.0.1.Final.jar;D:\maven\apache-maven-3.6.1\jar\javax\transaction\javax.transaction-api\1.2\javax.transaction-api-1.2.jar;D:\maven\apache-maven-3.6.1\jar\org\springframework\data\spring-data-jpa\2.0.5.RELEASE\spring-data-jpa-2.0.5.RELEASE.jar;D:\maven\apache-maven-3.6.1\jar\org\springframework\data\spring-data-commons\2.0.5.RELEASE\spring-data-commons-2.0.5.RELEASE.jar;D:\maven\apache-maven-3.6.1\jar\org\springframework\spring-orm\5.0.4.RELEASE\spring-orm-5.0.4.RELEASE.jar;D:\maven\apache-maven-3.6.1\jar\org\springframework\spring-tx\5.0.4.RELEASE\spring-tx-5.0.4.RELEASE.jar;D:\maven\apache-maven-3.6.1\jar\org\springframework\spring-aspects\5.0.4.RELEASE\spring-aspects-5.0.4.RELEASE.jar;D:\maven\apache-maven-3.6.1\jar\org\springframework\boot\spring-boot-devtools\2.0.0.RELEASE\spring-boot-devtools-2.0.0.RELEASE.jar;D:\maven\apache-maven-3.6.1\jar\org\springframework\boot\spring-boot\2.0.0.RELEASE\spring-boot-2.0.0.RELEASE.jar;D:\maven\apache-maven-3.6.1\jar\org\springframework\boot\spring-boot-autoconfigure\2.0.0.RELEASE\spring-boot-autoconfigure-2.0.0.RELEASE.jar;D:\maven\apache-maven-3.6.1\jar\commons-fileupload\commons-fileupload\1.3.3\commons-fileupload-1.3.3.jar;D:\maven\apache-maven-3.6.1\jar\commons-io\commons-io\2.2\commons-io-2.2.jar;D:\maven\apache-maven-3.6.1\jar\com\alibaba\fastjson\1.2.47\fastjson-1.2.47.jar;D:\maven\apache-maven-3.6.1\jar\com\googlecode\json-simple\json-simple\1.1.1\json-simple-1.1.1.jar;D:\maven\apache-maven-3.6.1\jar\mysql\mysql-connector-java\8.0.11\mysql-connector-java-8.0.11.jar;D:\maven\apache-maven-3.6.1\jar\com\google\protobuf\protobuf-java\2.6.0\protobuf-java-2.6.0.jar;"/>
    <property name="sun.cpu.endian" value="little"/>
    <property name="user.home" value="C:\Users\Administrator"/>
    <property name="user.language" value="zh"/>
    <property name="java.specification.vendor" value="Oracle Corporation"/>
    <property name="java.home" value="D:\Eclipse\eclipse\jre"/>
    <property name="basedir" value="D:\Eclipse\eclipse\work\Blogtest"/>
    <property name="file.separator" value="\"/>
    <property name="line.separator" value="&#10;"/>
    <property name="java.vm.specification.vendor" value="Oracle Corporation"/>
    <property name="java.specification.name" value="Java Platform API Specification"/>
    <property name="java.awt.graphicsenv" value="sun.awt.Win32GraphicsEnvironment"/>
    <property name="surefire.real.class.path" value="C:\Users\ADMINI~1\AppData\Local\Temp\surefire5634351620494534327\surefirebooter5604935355861415601.jar"/>
    <property name="sun.boot.class.path" value="D:\Eclipse\eclipse\jre\lib\resources.jar;D:\Eclipse\eclipse\jre\lib\rt.jar;D:\Eclipse\eclipse\jre\lib\sunrsasign.jar;D:\Eclipse\eclipse\jre\lib\jsse.jar;D:\Eclipse\eclipse\jre\lib\jce.jar;D:\Eclipse\eclipse\jre\lib\charsets.jar;D:\Eclipse\eclipse\jre\lib\jfr.jar;D:\Eclipse\eclipse\jre\classes"/>
    <property name="user.script" value=""/>
    <property name="sun.management.compiler" value="HotSpot 64-Bit Tiered Compilers"/>
    <property name="java.runtime.version" value="1.8.0_181-b13"/>
    <property name="user.name" value="Administrator"/>
    <property name="path.separator" value=";"/>
    <property name="os.version" value="10.0"/>
    <property name="java.endorsed.dirs" value="D:\Eclipse\eclipse\jre\lib\endorsed"/>
    <property name="java.runtime.name" value="Java(TM) SE Runtime Environment"/>
    <property name="file.encoding" value="GBK"/>
    <property name="java.vm.name" value="Java HotSpot(TM) 64-Bit Server VM"/>
    <property name="localRepository" value="D:\maven\apache-maven-3.6.1\jar"/>
    <property name="java.vendor.url.bug" value="http://bugreport.sun.com/bugreport/"/>
    <property name="java.io.tmpdir" value="C:\Users\ADMINI~1\AppData\Local\Temp\"/>
    <property name="java.version" value="1.8.0_181"/>
    <property name="user.dir" value="D:\Eclipse\eclipse\work\Blogtest"/>
    <property name="os.arch" value="amd64"/>
    <property name="java.vm.specification.name" value="Java Virtual Machine Specification"/>
    <property name="java.awt.printerjob" value="sun.awt.windows.WPrinterJob"/>
    <property name="sun.os.patch.level" value=""/>
    <property name="java.library.path" value="D:\Eclipse\eclipse\jre\bin;C:\WINDOWS\Sun\Java\bin;C:\WINDOWS\system32;C:\WINDOWS;D:/Eclipse/eclipse/jre/bin/server;D:/Eclipse/eclipse/jre/bin;D:/Eclipse/eclipse/jre/lib/amd64;D:\secureCRT\;C:\WINDOWS\system32;C:\WINDOWS;C:\WINDOWS\System32\Wbem;C:\WINDOWS\System32\WindowsPowerShell\v1.0\;D:\Java\jdk1.8.0_102\bin;D:\Java\jdk1.8.0_102\jre\bin;D:\Maven\apache-maven-3.6.1\bin;C:\WINDOWS\System32\OpenSSH\;D:\Nodejs\;E:\MonogoDB\bin;C:\Users\Administrator\AppData\Local\Microsoft\WindowsApps;D:\Nodejs\node_global;;D:\Eclipse\eclipse;;."/>
    <property name="java.vm.info" value="mixed mode"/>
    <property name="java.vendor" value="Oracle Corporation"/>
    <property name="java.vm.version" value="25.181-b13"/>
    <property name="java.ext.dirs" value="D:\Eclipse\eclipse\jre\lib\ext;C:\WINDOWS\Sun\Java\lib\ext"/>
    <property name="sun.io.unicode.encoding" value="UnicodeLittle"/>
    <property name="java.class.version" value="52.0"/>
  </properties>
  <testcase name="testApp" classname="Blog.Blogtest.AppTest" time="0.005"/>
</testsuite>